# vsim -vopt work.ram_top -voptargs="+acc=npr" -assertdebug -l log_file.log -coverage -c -do "coverage save -onexit -assert -directive -cvg -codeAll ucdb_file.ucdb; run -all; exit" 
# Start time: 03:11:25 on Jul 07,2026
# ** Note: (vsim-3813) Design is being optimized due to module recompilation...
# ** Warning: ram_generator.sv(14): (vopt-2240) Treating stand-alone use of function 'randomize' as an implicit VOID cast.
# //  Questa Sim
# //  Version 10.6c linux Jul 25 2017
# //
# //  Copyright 1991-2017 Mentor Graphics Corporation
# //  All Rights Reserved.
# //
# //  QuestaSim and its associated documentation contain trade
# //  secrets and commercial or financial information that are the property of
# //  Mentor Graphics Corporation and are privileged, confidential,
# //  and exempt from disclosure under the Freedom of Information Act,
# //  5 U.S.C. Section 552. Furthermore, this information
# //  is prohibited from disclosure under the Trade Secrets Act,
# //  18 U.S.C. Section 1905.
# //
# Loading sv_std.std
# Loading work.ram_inf(fast)
# Loading work.ram_package(fast)
# Loading work.ram_top(fast)
# Loading work.ram_inf(fast)
# Loading work.ram(fast)
# coverage save -onexit -assert -directive -cvg -codeAll ucdb_file.ucdb
#  run -all
# GENERATOR randomized data_in= 33,write_enb=1,read_enb=0,address=12                   0
# GENERATOR randomized data_in= 31,write_enb=1,read_enb=0,address=14                   0
# GENERATOR randomized data_in= 24,write_enb=0,read_enb=1,address=16                   0
# GENERATOR randomized data_in= 16,write_enb=0,read_enb=1,address=24                   0
# GENERATOR randomized data_in=159,write_enb=0,read_enb=1,address=25                   0
# GENERATOR randomized data_in= 90,write_enb=1,read_enb=0,address=19                   0
# GENERATOR randomized data_in=138,write_enb=1,read_enb=0,address=28                   0
# GENERATOR randomized data_in=250,write_enb=0,read_enb=1,address=17                   0
# GENERATOR randomized data_in=238,write_enb=0,read_enb=1,address=12                   0
# GENERATOR randomized data_in=188,write_enb=1,read_enb=0,address= 3                   0
# GENERATOR randomized data_in=231,write_enb=0,read_enb=0,address= 6                   0
# GENERATOR randomized data_in=137,write_enb=0,read_enb=1,address=14                   0
# GENERATOR randomized data_in= 98,write_enb=1,read_enb=0,address= 4                   0
# GENERATOR randomized data_in=172,write_enb=0,read_enb=0,address=12                   0
# GENERATOR randomized data_in=186,write_enb=0,read_enb=0,address= 7                   0
# GENERATOR randomized data_in=215,write_enb=0,read_enb=0,address=30                   0
# GENERATOR randomized data_in=132,write_enb=0,read_enb=0,address= 7                   0
# GENERATOR randomized data_in= 23,write_enb=1,read_enb=0,address= 5                   0
# GENERATOR randomized data_in= 89,write_enb=0,read_enb=0,address= 2                   0
# GENERATOR randomized data_in=  9,write_enb=1,read_enb=0,address= 9                   0
# GENERATOR randomized data_in= 83,write_enb=0,read_enb=1,address=22                   0
# GENERATOR randomized data_in= 62,write_enb=1,read_enb=0,address= 6                   0
# GENERATOR randomized data_in= 13,write_enb=0,read_enb=1,address=17                   0
# GENERATOR randomized data_in= 79,write_enb=0,read_enb=1,address=18                   0
# GENERATOR randomized data_in= 22,write_enb=0,read_enb=0,address=28                   0
# GENERATOR randomized data_in= 33,write_enb=0,read_enb=1,address=23                   0
# GENERATOR randomized data_in= 51,write_enb=0,read_enb=0,address=30                   0
# GENERATOR randomized data_in=138,write_enb=0,read_enb=0,address=29                   0
# GENERATOR randomized data_in= 94,write_enb=0,read_enb=0,address=12                   0
# GENERATOR randomized data_in= 13,write_enb=0,read_enb=1,address=19                   0
# GENERATOR randomized data_in=129,write_enb=0,read_enb=1,address=28                   0
# GENERATOR randomized data_in=206,write_enb=0,read_enb=0,address= 9                   0
# GENERATOR randomized data_in= 58,write_enb=0,read_enb=0,address=28                   0
# GENERATOR randomized data_in=125,write_enb=0,read_enb=0,address=27                   0
# GENERATOR randomized data_in=248,write_enb=0,read_enb=1,address=19                   0
# GENERATOR randomized data_in=145,write_enb=1,read_enb=0,address= 0                   0
# GENERATOR randomized data_in= 63,write_enb=0,read_enb=0,address=15                   0
# GENERATOR randomized data_in= 17,write_enb=0,read_enb=0,address=22                   0
# GENERATOR randomized data_in= 46,write_enb=1,read_enb=0,address=22                   0
# GENERATOR randomized data_in= 13,write_enb=1,read_enb=0,address=31                   0
# GENERATOR randomized data_in= 50,write_enb=0,read_enb=1,address=17                   0
# GENERATOR randomized data_in=212,write_enb=0,read_enb=1,address=20                   0
# GENERATOR randomized data_in=199,write_enb=1,read_enb=0,address=15                   0
# GENERATOR randomized data_in= 78,write_enb=1,read_enb=0,address=18                   0
# GENERATOR randomized data_in=241,write_enb=1,read_enb=0,address=10                   0
# GENERATOR randomized data_in= 55,write_enb=0,read_enb=0,address=25                   0
# GENERATOR randomized data_in=212,write_enb=1,read_enb=0,address= 2                   0
# GENERATOR randomized data_in=160,write_enb=1,read_enb=0,address=13                   0
# GENERATOR randomized data_in=211,write_enb=0,read_enb=0,address=21                   0
# GENERATOR randomized data_in=128,write_enb=0,read_enb=1,address=20                   0
# GENERATOR randomized data_in=  4,write_enb=0,read_enb=0,address=17                   0
# GENERATOR randomized data_in=  2,write_enb=1,read_enb=0,address=19                   0
# GENERATOR randomized data_in=145,write_enb=0,read_enb=1,address=23                   0
# GENERATOR randomized data_in= 78,write_enb=0,read_enb=0,address=22                   0
# GENERATOR randomized data_in=219,write_enb=0,read_enb=1,address=27                   0
# GENERATOR randomized data_in=207,write_enb=0,read_enb=1,address=17                   0
# GENERATOR randomized data_in= 60,write_enb=1,read_enb=0,address=24                   0
# GENERATOR randomized data_in= 79,write_enb=0,read_enb=0,address= 6                   0
# GENERATOR randomized data_in= 22,write_enb=0,read_enb=0,address= 0                   0
# GENERATOR randomized data_in=190,write_enb=0,read_enb=0,address=18                   0
# GENERATOR randomized data_in=154,write_enb=1,read_enb=0,address=11                   0
# GENERATOR randomized data_in=221,write_enb=1,read_enb=0,address= 2                   0
# GENERATOR randomized data_in=109,write_enb=1,read_enb=0,address=20                   0
# GENERATOR randomized data_in=106,write_enb=1,read_enb=0,address=28                   0
# GENERATOR randomized data_in=212,write_enb=0,read_enb=0,address=21                   0
# GENERATOR randomized data_in= 45,write_enb=1,read_enb=0,address=21                   0
# GENERATOR randomized data_in= 10,write_enb=0,read_enb=1,address=10                   0
# GENERATOR randomized data_in= 73,write_enb=1,read_enb=0,address=28                   0
# GENERATOR randomized data_in=145,write_enb=1,read_enb=0,address=15                   0
# GENERATOR randomized data_in=236,write_enb=0,read_enb=0,address=26                   0
# GENERATOR randomized data_in=137,write_enb=1,read_enb=0,address= 3                   0
# GENERATOR randomized data_in= 11,write_enb=0,read_enb=1,address=10                   0
# GENERATOR randomized data_in= 29,write_enb=1,read_enb=0,address=12                   0
# GENERATOR randomized data_in=129,write_enb=0,read_enb=0,address=11                   0
# GENERATOR randomized data_in=219,write_enb=0,read_enb=1,address=26                   0
# GENERATOR randomized data_in= 10,write_enb=0,read_enb=1,address=27                   0
# GENERATOR randomized data_in=  5,write_enb=0,read_enb=0,address=18                   0
# GENERATOR randomized data_in= 16,write_enb=0,read_enb=1,address=29                   0
# GENERATOR randomized data_in= 46,write_enb=1,read_enb=0,address=24                   0
# GENERATOR randomized data_in=148,write_enb=0,read_enb=1,address= 4                   0
# GENERATOR randomized data_in=171,write_enb=0,read_enb=0,address=15                   0
# GENERATOR randomized data_in=119,write_enb=1,read_enb=0,address=24                   0
# GENERATOR randomized data_in=103,write_enb=0,read_enb=0,address= 3                   0
# GENERATOR randomized data_in= 18,write_enb=0,read_enb=1,address=24                   0
# GENERATOR randomized data_in=240,write_enb=1,read_enb=0,address=18                   0
# GENERATOR randomized data_in=192,write_enb=1,read_enb=0,address=27                   0
# GENERATOR randomized data_in=140,write_enb=1,read_enb=0,address=11                   0
# GENERATOR randomized data_in=164,write_enb=0,read_enb=0,address=13                   0
# GENERATOR randomized data_in= 77,write_enb=0,read_enb=0,address=26                   0
# GENERATOR randomized data_in=152,write_enb=0,read_enb=0,address=12                   0
# GENERATOR randomized data_in= 70,write_enb=0,read_enb=0,address= 8                   0
# GENERATOR randomized data_in=166,write_enb=0,read_enb=0,address=17                   0
# GENERATOR randomized data_in=222,write_enb=1,read_enb=0,address= 5                   0
# GENERATOR randomized data_in= 88,write_enb=0,read_enb=1,address=13                   0
# GENERATOR randomized data_in=224,write_enb=1,read_enb=0,address=11                   0
# GENERATOR randomized data_in=117,write_enb=1,read_enb=0,address= 7                   0
# GENERATOR randomized data_in= 63,write_enb=0,read_enb=0,address= 1                   0
# GENERATOR randomized data_in=136,write_enb=0,read_enb=0,address= 8                   0
# GENERATOR randomized data_in=194,write_enb=1,read_enb=0,address= 1                   0
# GENERATOR randomized data_in=181,write_enb=0,read_enb=0,address=20                   0
# ram_package.driver.start Driver ran at iteration 0
# REFERENCE MODEL DATA IN MEMORY MEM[ADDRESS]= 33                  70
############   SCOREBOARD REFdata_out=0, ADDRESS=12    ###############                  70
# INPUT FUNCTIONAL COVERAGE = 67
# ram_package.driver.start Driver ran at iteration 1
# MONITOR PASSING THE DATA TO SCOREBOARD data_out=  0                  90
# OUTPUT FUNCTIONAL COVERAGE = 100
# !!!!!!!!!!!!!   SCOREBOARD MONdata_out=0,  ADDRESS= 0    !!!!!!!!!!!!!!                  90
# SCOREBOARD REFdata_out=0, MONdata_out=0                  90
# *********************************************************************************DATA MATCH SUCCESSFUL MATCH=          1
# MONITOR PASSING THE DATA TO SCOREBOARD data_out=  0                 110
# OUTPUT FUNCTIONAL COVERAGE = 100
# REFERENCE MODEL DATA IN MEMORY MEM[ADDRESS]= 31                 110
# !!!!!!!!!!!!!   SCOREBOARD MONdata_out=0,  ADDRESS= 0    !!!!!!!!!!!!!!                 110
############   SCOREBOARD REFdata_out=0, ADDRESS=14    ###############                 110
# SCOREBOARD REFdata_out=0, MONdata_out=0                 110
# *********************************************************************************DATA MATCH SUCCESSFUL MATCH=          2
# INPUT FUNCTIONAL COVERAGE = 67
# ram_package.driver.start Driver ran at iteration 2
# MONITOR PASSING THE DATA TO SCOREBOARD data_out=  0                 130
# OUTPUT FUNCTIONAL COVERAGE = 100
# !!!!!!!!!!!!!   SCOREBOARD MONdata_out=0,  ADDRESS=14    !!!!!!!!!!!!!!                 130
# MONITOR PASSING THE DATA TO SCOREBOARD data_out=  0                 150
# OUTPUT FUNCTIONAL COVERAGE = 100
# REFERENCE MODEL DATA OUT FROM MEMORY data_out=  0                 150
############   SCOREBOARD REFdata_out=0, ADDRESS=16    ###############                 150
# SCOREBOARD REFdata_out=0, MONdata_out=0                 150
# *********************************************************************************DATA MATCH SUCCESSFUL MATCH=          3
# !!!!!!!!!!!!!   SCOREBOARD MONdata_out=0,  ADDRESS=14    !!!!!!!!!!!!!!                 150
# INPUT FUNCTIONAL COVERAGE = 93
# ram_package.driver.start Driver ran at iteration 3
# MONITOR PASSING THE DATA TO SCOREBOARD data_out=  0                 170
# OUTPUT FUNCTIONAL COVERAGE = 100
# MONITOR PASSING THE DATA TO SCOREBOARD data_out=  0                 190
# OUTPUT FUNCTIONAL COVERAGE = 100
# REFERENCE MODEL DATA OUT FROM MEMORY data_out=  0                 190
############   SCOREBOARD REFdata_out=0, ADDRESS=24    ###############                 190
# SCOREBOARD REFdata_out=0, MONdata_out=0                 190
# *********************************************************************************DATA MATCH SUCCESSFUL MATCH=          4
# !!!!!!!!!!!!!   SCOREBOARD MONdata_out=0,  ADDRESS=16    !!!!!!!!!!!!!!                 190
# INPUT FUNCTIONAL COVERAGE = 93
# ram_package.driver.start Driver ran at iteration 4
# MONITOR PASSING THE DATA TO SCOREBOARD data_out=  0                 210
# OUTPUT FUNCTIONAL COVERAGE = 100
# MONITOR PASSING THE DATA TO SCOREBOARD data_out=  0                 230
# OUTPUT FUNCTIONAL COVERAGE = 100
# REFERENCE MODEL DATA OUT FROM MEMORY data_out=  0                 230
############   SCOREBOARD REFdata_out=0, ADDRESS=25    ###############                 230
# SCOREBOARD REFdata_out=0, MONdata_out=0                 230
# *********************************************************************************DATA MATCH SUCCESSFUL MATCH=          5
# !!!!!!!!!!!!!   SCOREBOARD MONdata_out=0,  ADDRESS=16    !!!!!!!!!!!!!!                 230
# INPUT FUNCTIONAL COVERAGE = 93
# ram_package.driver.start Driver ran at iteration 5
# MONITOR PASSING THE DATA TO SCOREBOARD data_out=  0                 250
# OUTPUT FUNCTIONAL COVERAGE = 100
# MONITOR PASSING THE DATA TO SCOREBOARD data_out=  0                 270
# OUTPUT FUNCTIONAL COVERAGE = 100
# REFERENCE MODEL DATA IN MEMORY MEM[ADDRESS]= 90                 270
############   SCOREBOARD REFdata_out=0, ADDRESS=19    ###############                 270
# SCOREBOARD REFdata_out=0, MONdata_out=0                 270
# *********************************************************************************DATA MATCH SUCCESSFUL MATCH=          6
# !!!!!!!!!!!!!   SCOREBOARD MONdata_out=0,  ADDRESS=24    !!!!!!!!!!!!!!                 270
# INPUT FUNCTIONAL COVERAGE = 93
# ram_package.driver.start Driver ran at iteration 6
# MONITOR PASSING THE DATA TO SCOREBOARD data_out=  0                 290
# OUTPUT FUNCTIONAL COVERAGE = 100
# MONITOR PASSING THE DATA TO SCOREBOARD data_out=  0                 310
# OUTPUT FUNCTIONAL COVERAGE = 100
# REFERENCE MODEL DATA IN MEMORY MEM[ADDRESS]=138                 310
############   SCOREBOARD REFdata_out=0, ADDRESS=28    ###############                 310
# SCOREBOARD REFdata_out=0, MONdata_out=0                 310
# *********************************************************************************DATA MATCH SUCCESSFUL MATCH=          7
# !!!!!!!!!!!!!   SCOREBOARD MONdata_out=0,  ADDRESS=24    !!!!!!!!!!!!!!                 310
# INPUT FUNCTIONAL COVERAGE = 93
# ram_package.driver.start Driver ran at iteration 7
# MONITOR PASSING THE DATA TO SCOREBOARD data_out=  0                 330
# OUTPUT FUNCTIONAL COVERAGE = 100
# MONITOR PASSING THE DATA TO SCOREBOARD data_out=  0                 350
# OUTPUT FUNCTIONAL COVERAGE = 100
# REFERENCE MODEL DATA OUT FROM MEMORY data_out=  0                 350
############   SCOREBOARD REFdata_out=0, ADDRESS=17    ###############                 350
# SCOREBOARD REFdata_out=0, MONdata_out=0                 350
# *********************************************************************************DATA MATCH SUCCESSFUL MATCH=          8
# !!!!!!!!!!!!!   SCOREBOARD MONdata_out=0,  ADDRESS=25    !!!!!!!!!!!!!!                 350
# INPUT FUNCTIONAL COVERAGE = 93
# ram_package.driver.start Driver ran at iteration 8
# MONITOR PASSING THE DATA TO SCOREBOARD data_out=  0                 370
# OUTPUT FUNCTIONAL COVERAGE = 100
# MONITOR PASSING THE DATA TO SCOREBOARD data_out=  0                 390
# OUTPUT FUNCTIONAL COVERAGE = 100
# REFERENCE MODEL DATA OUT FROM MEMORY data_out= 33                 390
############   SCOREBOARD REFdata_out=33, ADDRESS=12    ###############                 390
# SCOREBOARD REFdata_out=33, MONdata_out=0                 390
# *********************************************************************************DATA MATCH FAILED MISMATCH=          1
# !!!!!!!!!!!!!   SCOREBOARD MONdata_out=0,  ADDRESS=25    !!!!!!!!!!!!!!                 390
# INPUT FUNCTIONAL COVERAGE = 93
# ram_package.driver.start Driver ran at iteration 9
# MONITOR PASSING THE DATA TO SCOREBOARD data_out=  0                 410
# OUTPUT FUNCTIONAL COVERAGE = 100
# MONITOR PASSING THE DATA TO SCOREBOARD data_out=  0                 430
# OUTPUT FUNCTIONAL COVERAGE = 100
# REFERENCE MODEL DATA IN MEMORY MEM[ADDRESS]=188                 430
############   SCOREBOARD REFdata_out=0, ADDRESS= 3    ###############                 430
# SCOREBOARD REFdata_out=0, MONdata_out=0                 430
# *********************************************************************************DATA MATCH SUCCESSFUL MATCH=          9
# !!!!!!!!!!!!!   SCOREBOARD MONdata_out=0,  ADDRESS=19    !!!!!!!!!!!!!!                 430
# INPUT FUNCTIONAL COVERAGE = 93
# ram_package.driver.start Driver ran at iteration 10
# MONITOR PASSING THE DATA TO SCOREBOARD data_out=  0                 450
# OUTPUT FUNCTIONAL COVERAGE = 100
# MONITOR PASSING THE DATA TO SCOREBOARD data_out=  0                 470
# OUTPUT FUNCTIONAL COVERAGE = 100
############   SCOREBOARD REFdata_out=0, ADDRESS= 6    ###############                 470
# SCOREBOARD REFdata_out=0, MONdata_out=0                 470
# *********************************************************************************DATA MATCH SUCCESSFUL MATCH=         10
# !!!!!!!!!!!!!   SCOREBOARD MONdata_out=0,  ADDRESS=19    !!!!!!!!!!!!!!                 470
# INPUT FUNCTIONAL COVERAGE = 100
# ram_package.driver.start Driver ran at iteration 11
# MONITOR PASSING THE DATA TO SCOREBOARD data_out=  0                 490
# OUTPUT FUNCTIONAL COVERAGE = 100
# MONITOR PASSING THE DATA TO SCOREBOARD data_out=  0                 510
# OUTPUT FUNCTIONAL COVERAGE = 100
# REFERENCE MODEL DATA OUT FROM MEMORY data_out= 31                 510
############   SCOREBOARD REFdata_out=31, ADDRESS=14    ###############                 510
# SCOREBOARD REFdata_out=31, MONdata_out=0                 510
# *********************************************************************************DATA MATCH FAILED MISMATCH=          2
# !!!!!!!!!!!!!   SCOREBOARD MONdata_out=0,  ADDRESS=28    !!!!!!!!!!!!!!                 510
# INPUT FUNCTIONAL COVERAGE = 100
# ram_package.driver.start Driver ran at iteration 12
# MONITOR PASSING THE DATA TO SCOREBOARD data_out= 31                 530
# OUTPUT FUNCTIONAL COVERAGE = 100
# MONITOR PASSING THE DATA TO SCOREBOARD data_out= 31                 550
# OUTPUT FUNCTIONAL COVERAGE = 100
# REFERENCE MODEL DATA IN MEMORY MEM[ADDRESS]= 98                 550
############   SCOREBOARD REFdata_out=0, ADDRESS= 4    ###############                 550
# SCOREBOARD REFdata_out=0, MONdata_out=0                 550
# *********************************************************************************DATA MATCH SUCCESSFUL MATCH=         11
# !!!!!!!!!!!!!   SCOREBOARD MONdata_out=0,  ADDRESS=28    !!!!!!!!!!!!!!                 550
# INPUT FUNCTIONAL COVERAGE = 100
# ram_package.driver.start Driver ran at iteration 13
# MONITOR PASSING THE DATA TO SCOREBOARD data_out=  0                 570
# OUTPUT FUNCTIONAL COVERAGE = 100
# MONITOR PASSING THE DATA TO SCOREBOARD data_out=  0                 590
# OUTPUT FUNCTIONAL COVERAGE = 100
############   SCOREBOARD REFdata_out=0, ADDRESS=12    ###############                 590
# SCOREBOARD REFdata_out=0, MONdata_out=0                 590
# *********************************************************************************DATA MATCH SUCCESSFUL MATCH=         12
# !!!!!!!!!!!!!   SCOREBOARD MONdata_out=0,  ADDRESS=17    !!!!!!!!!!!!!!                 590
# INPUT FUNCTIONAL COVERAGE = 100
# ram_package.driver.start Driver ran at iteration 14
# MONITOR PASSING THE DATA TO SCOREBOARD data_out=  0                 610
# OUTPUT FUNCTIONAL COVERAGE = 100
# MONITOR PASSING THE DATA TO SCOREBOARD data_out=  0                 630
# OUTPUT FUNCTIONAL COVERAGE = 100
############   SCOREBOARD REFdata_out=0, ADDRESS= 7    ###############                 630
# SCOREBOARD REFdata_out=0, MONdata_out=0                 630
# *********************************************************************************DATA MATCH SUCCESSFUL MATCH=         13
# !!!!!!!!!!!!!   SCOREBOARD MONdata_out=0,  ADDRESS=17    !!!!!!!!!!!!!!                 630
# INPUT FUNCTIONAL COVERAGE = 100
# ram_package.driver.start Driver ran at iteration 15
# MONITOR PASSING THE DATA TO SCOREBOARD data_out=  0                 650
# OUTPUT FUNCTIONAL COVERAGE = 100
# MONITOR PASSING THE DATA TO SCOREBOARD data_out=  0                 670
# OUTPUT FUNCTIONAL COVERAGE = 100
############   SCOREBOARD REFdata_out=0, ADDRESS=30    ###############                 670
# SCOREBOARD REFdata_out=0, MONdata_out=0                 670
# *********************************************************************************DATA MATCH SUCCESSFUL MATCH=         14
# !!!!!!!!!!!!!   SCOREBOARD MONdata_out=0,  ADDRESS=12    !!!!!!!!!!!!!!                 670
# INPUT FUNCTIONAL COVERAGE = 100
# ram_package.driver.start Driver ran at iteration 16
# MONITOR PASSING THE DATA TO SCOREBOARD data_out=  0                 690
# OUTPUT FUNCTIONAL COVERAGE = 100
# MONITOR PASSING THE DATA TO SCOREBOARD data_out=  0                 710
# OUTPUT FUNCTIONAL COVERAGE = 100
############   SCOREBOARD REFdata_out=0, ADDRESS= 7    ###############                 710
# SCOREBOARD REFdata_out=0, MONdata_out=0                 710
# *********************************************************************************DATA MATCH SUCCESSFUL MATCH=         15
# !!!!!!!!!!!!!   SCOREBOARD MONdata_out=0,  ADDRESS=12    !!!!!!!!!!!!!!                 710
# INPUT FUNCTIONAL COVERAGE = 100
# ram_package.driver.start Driver ran at iteration 17
# MONITOR PASSING THE DATA TO SCOREBOARD data_out=  0                 730
# OUTPUT FUNCTIONAL COVERAGE = 100
# MONITOR PASSING THE DATA TO SCOREBOARD data_out=  0                 750
# OUTPUT FUNCTIONAL COVERAGE = 100
# REFERENCE MODEL DATA IN MEMORY MEM[ADDRESS]= 23                 750
############   SCOREBOARD REFdata_out=0, ADDRESS= 5    ###############                 750
# SCOREBOARD REFdata_out=0, MONdata_out=0                 750
# *********************************************************************************DATA MATCH SUCCESSFUL MATCH=         16
# !!!!!!!!!!!!!   SCOREBOARD MONdata_out=0,  ADDRESS= 3    !!!!!!!!!!!!!!                 750
# INPUT FUNCTIONAL COVERAGE = 100
# ram_package.driver.start Driver ran at iteration 18
# MONITOR PASSING THE DATA TO SCOREBOARD data_out=  0                 770
# OUTPUT FUNCTIONAL COVERAGE = 100
# MONITOR PASSING THE DATA TO SCOREBOARD data_out=  0                 790
# OUTPUT FUNCTIONAL COVERAGE = 100
############   SCOREBOARD REFdata_out=0, ADDRESS= 2    ###############                 790
# SCOREBOARD REFdata_out=0, MONdata_out=0                 790
# *********************************************************************************DATA MATCH SUCCESSFUL MATCH=         17
# !!!!!!!!!!!!!   SCOREBOARD MONdata_out=0,  ADDRESS= 3    !!!!!!!!!!!!!!                 790
# INPUT FUNCTIONAL COVERAGE = 100
# ram_package.driver.start Driver ran at iteration 19
# MONITOR PASSING THE DATA TO SCOREBOARD data_out=  0                 810
# OUTPUT FUNCTIONAL COVERAGE = 100
# MONITOR PASSING THE DATA TO SCOREBOARD data_out=  0                 830
# OUTPUT FUNCTIONAL COVERAGE = 100
# REFERENCE MODEL DATA IN MEMORY MEM[ADDRESS]=  9                 830
############   SCOREBOARD REFdata_out=0, ADDRESS= 9    ###############                 830
# SCOREBOARD REFdata_out=0, MONdata_out=0                 830
# *********************************************************************************DATA MATCH SUCCESSFUL MATCH=         18
# !!!!!!!!!!!!!   SCOREBOARD MONdata_out=0,  ADDRESS= 6    !!!!!!!!!!!!!!                 830
# INPUT FUNCTIONAL COVERAGE = 100
# ram_package.driver.start Driver ran at iteration 20
# MONITOR PASSING THE DATA TO SCOREBOARD data_out=  0                 850
# OUTPUT FUNCTIONAL COVERAGE = 100
# MONITOR PASSING THE DATA TO SCOREBOARD data_out=  0                 870
# OUTPUT FUNCTIONAL COVERAGE = 100
# REFERENCE MODEL DATA OUT FROM MEMORY data_out=  0                 870
############   SCOREBOARD REFdata_out=0, ADDRESS=22    ###############                 870
# SCOREBOARD REFdata_out=0, MONdata_out=0                 870
# *********************************************************************************DATA MATCH SUCCESSFUL MATCH=         19
# !!!!!!!!!!!!!   SCOREBOARD MONdata_out=0,  ADDRESS= 6    !!!!!!!!!!!!!!                 870
# INPUT FUNCTIONAL COVERAGE = 100
# ram_package.driver.start Driver ran at iteration 21
# MONITOR PASSING THE DATA TO SCOREBOARD data_out=  0                 890
# OUTPUT FUNCTIONAL COVERAGE = 100
# MONITOR PASSING THE DATA TO SCOREBOARD data_out=  0                 910
# OUTPUT FUNCTIONAL COVERAGE = 100
# REFERENCE MODEL DATA IN MEMORY MEM[ADDRESS]= 62                 910
############   SCOREBOARD REFdata_out=0, ADDRESS= 6    ###############                 910
# SCOREBOARD REFdata_out=0, MONdata_out=0                 910
# *********************************************************************************DATA MATCH SUCCESSFUL MATCH=         20
# !!!!!!!!!!!!!   SCOREBOARD MONdata_out=31,  ADDRESS=14    !!!!!!!!!!!!!!                 910
# INPUT FUNCTIONAL COVERAGE = 100
# ram_package.driver.start Driver ran at iteration 22
# MONITOR PASSING THE DATA TO SCOREBOARD data_out=  0                 930
# OUTPUT FUNCTIONAL COVERAGE = 100
# MONITOR PASSING THE DATA TO SCOREBOARD data_out=  0                 950
# OUTPUT FUNCTIONAL COVERAGE = 100
# REFERENCE MODEL DATA OUT FROM MEMORY data_out=  0                 950
############   SCOREBOARD REFdata_out=0, ADDRESS=17    ###############                 950
# SCOREBOARD REFdata_out=0, MONdata_out=31                 950
# *********************************************************************************DATA MATCH FAILED MISMATCH=          3
# !!!!!!!!!!!!!   SCOREBOARD MONdata_out=31,  ADDRESS=14    !!!!!!!!!!!!!!                 950
# INPUT FUNCTIONAL COVERAGE = 100
# ram_package.driver.start Driver ran at iteration 23
# MONITOR PASSING THE DATA TO SCOREBOARD data_out=  0                 970
# OUTPUT FUNCTIONAL COVERAGE = 100
# MONITOR PASSING THE DATA TO SCOREBOARD data_out=  0                 990
# OUTPUT FUNCTIONAL COVERAGE = 100
# REFERENCE MODEL DATA OUT FROM MEMORY data_out=  0                 990
############   SCOREBOARD REFdata_out=0, ADDRESS=18    ###############                 990
# SCOREBOARD REFdata_out=0, MONdata_out=31                 990
# *********************************************************************************DATA MATCH FAILED MISMATCH=          4
# !!!!!!!!!!!!!   SCOREBOARD MONdata_out=0,  ADDRESS= 4    !!!!!!!!!!!!!!                 990
# INPUT FUNCTIONAL COVERAGE = 100
# ram_package.driver.start Driver ran at iteration 24
# MONITOR PASSING THE DATA TO SCOREBOARD data_out=  0                1010
# OUTPUT FUNCTIONAL COVERAGE = 100
# MONITOR PASSING THE DATA TO SCOREBOARD data_out=  0                1030
# OUTPUT FUNCTIONAL COVERAGE = 100
############   SCOREBOARD REFdata_out=0, ADDRESS=28    ###############                1030
# SCOREBOARD REFdata_out=0, MONdata_out=0                1030
# *********************************************************************************DATA MATCH SUCCESSFUL MATCH=         21
# !!!!!!!!!!!!!   SCOREBOARD MONdata_out=0,  ADDRESS= 4    !!!!!!!!!!!!!!                1030
# INPUT FUNCTIONAL COVERAGE = 100
# ram_package.driver.start Driver ran at iteration 25
# MONITOR PASSING THE DATA TO SCOREBOARD data_out=  0                1050
# OUTPUT FUNCTIONAL COVERAGE = 100
# MONITOR PASSING THE DATA TO SCOREBOARD data_out=  0                1070
# OUTPUT FUNCTIONAL COVERAGE = 100
# REFERENCE MODEL DATA OUT FROM MEMORY data_out=  0                1070
############   SCOREBOARD REFdata_out=0, ADDRESS=23    ###############                1070
# SCOREBOARD REFdata_out=0, MONdata_out=0                1070
# *********************************************************************************DATA MATCH SUCCESSFUL MATCH=         22
# !!!!!!!!!!!!!   SCOREBOARD MONdata_out=0,  ADDRESS=12    !!!!!!!!!!!!!!                1070
# INPUT FUNCTIONAL COVERAGE = 100
# ram_package.driver.start Driver ran at iteration 26
# MONITOR PASSING THE DATA TO SCOREBOARD data_out=  0                1090
# OUTPUT FUNCTIONAL COVERAGE = 100
# MONITOR PASSING THE DATA TO SCOREBOARD data_out=  0                1110
# OUTPUT FUNCTIONAL COVERAGE = 100
############   SCOREBOARD REFdata_out=0, ADDRESS=30    ###############                1110
# SCOREBOARD REFdata_out=0, MONdata_out=0                1110
# *********************************************************************************DATA MATCH SUCCESSFUL MATCH=         23
# !!!!!!!!!!!!!   SCOREBOARD MONdata_out=0,  ADDRESS=12    !!!!!!!!!!!!!!                1110
# INPUT FUNCTIONAL COVERAGE = 100
# ram_package.driver.start Driver ran at iteration 27
# MONITOR PASSING THE DATA TO SCOREBOARD data_out=  0                1130
# OUTPUT FUNCTIONAL COVERAGE = 100
# MONITOR PASSING THE DATA TO SCOREBOARD data_out=  0                1150
# OUTPUT FUNCTIONAL COVERAGE = 100
############   SCOREBOARD REFdata_out=0, ADDRESS=29    ###############                1150
# SCOREBOARD REFdata_out=0, MONdata_out=0                1150
# *********************************************************************************DATA MATCH SUCCESSFUL MATCH=         24
# !!!!!!!!!!!!!   SCOREBOARD MONdata_out=0,  ADDRESS= 7    !!!!!!!!!!!!!!                1150
# INPUT FUNCTIONAL COVERAGE = 100
# ram_package.driver.start Driver ran at iteration 28
# MONITOR PASSING THE DATA TO SCOREBOARD data_out=  0                1170
# OUTPUT FUNCTIONAL COVERAGE = 100
# MONITOR PASSING THE DATA TO SCOREBOARD data_out=  0                1190
# OUTPUT FUNCTIONAL COVERAGE = 100
############   SCOREBOARD REFdata_out=0, ADDRESS=12    ###############                1190
# SCOREBOARD REFdata_out=0, MONdata_out=0                1190
# *********************************************************************************DATA MATCH SUCCESSFUL MATCH=         25
# !!!!!!!!!!!!!   SCOREBOARD MONdata_out=0,  ADDRESS= 7    !!!!!!!!!!!!!!                1190
# INPUT FUNCTIONAL COVERAGE = 100
# ram_package.driver.start Driver ran at iteration 29
# MONITOR PASSING THE DATA TO SCOREBOARD data_out=  0                1210
# OUTPUT FUNCTIONAL COVERAGE = 100
# MONITOR PASSING THE DATA TO SCOREBOARD data_out=  0                1230
# OUTPUT FUNCTIONAL COVERAGE = 100
# REFERENCE MODEL DATA OUT FROM MEMORY data_out= 90                1230
############   SCOREBOARD REFdata_out=90, ADDRESS=19    ###############                1230
# SCOREBOARD REFdata_out=90, MONdata_out=0                1230
# *********************************************************************************DATA MATCH FAILED MISMATCH=          5
# !!!!!!!!!!!!!   SCOREBOARD MONdata_out=0,  ADDRESS=30    !!!!!!!!!!!!!!                1230
# INPUT FUNCTIONAL COVERAGE = 100
# ram_package.driver.start Driver ran at iteration 30
# MONITOR PASSING THE DATA TO SCOREBOARD data_out= 90                1250
# OUTPUT FUNCTIONAL COVERAGE = 100
# MONITOR PASSING THE DATA TO SCOREBOARD data_out= 90                1270
# OUTPUT FUNCTIONAL COVERAGE = 100
# REFERENCE MODEL DATA OUT FROM MEMORY data_out=138                1270
############   SCOREBOARD REFdata_out=138, ADDRESS=28    ###############                1270
# SCOREBOARD REFdata_out=138, MONdata_out=0                1270
# *********************************************************************************DATA MATCH FAILED MISMATCH=          6
# !!!!!!!!!!!!!   SCOREBOARD MONdata_out=0,  ADDRESS=30    !!!!!!!!!!!!!!                1270
# INPUT FUNCTIONAL COVERAGE = 100
# ram_package.driver.start Driver ran at iteration 31
# MONITOR PASSING THE DATA TO SCOREBOARD data_out=138                1290
# OUTPUT FUNCTIONAL COVERAGE = 100
# MONITOR PASSING THE DATA TO SCOREBOARD data_out=138                1310
# OUTPUT FUNCTIONAL COVERAGE = 100
############   SCOREBOARD REFdata_out=0, ADDRESS= 9    ###############                1310
# SCOREBOARD REFdata_out=0, MONdata_out=0                1310
# *********************************************************************************DATA MATCH SUCCESSFUL MATCH=         26
# !!!!!!!!!!!!!   SCOREBOARD MONdata_out=0,  ADDRESS= 7    !!!!!!!!!!!!!!                1310
# INPUT FUNCTIONAL COVERAGE = 100
# ram_package.driver.start Driver ran at iteration 32
# MONITOR PASSING THE DATA TO SCOREBOARD data_out=  0                1330
# OUTPUT FUNCTIONAL COVERAGE = 100
# MONITOR PASSING THE DATA TO SCOREBOARD data_out=  0                1350
# OUTPUT FUNCTIONAL COVERAGE = 100
############   SCOREBOARD REFdata_out=0, ADDRESS=28    ###############                1350
# SCOREBOARD REFdata_out=0, MONdata_out=0                1350
# *********************************************************************************DATA MATCH SUCCESSFUL MATCH=         27
# !!!!!!!!!!!!!   SCOREBOARD MONdata_out=0,  ADDRESS= 7    !!!!!!!!!!!!!!                1350
# INPUT FUNCTIONAL COVERAGE = 100
# ram_package.driver.start Driver ran at iteration 33
# MONITOR PASSING THE DATA TO SCOREBOARD data_out=  0                1370
# OUTPUT FUNCTIONAL COVERAGE = 100
# MONITOR PASSING THE DATA TO SCOREBOARD data_out=  0                1390
# OUTPUT FUNCTIONAL COVERAGE = 100
############   SCOREBOARD REFdata_out=0, ADDRESS=27    ###############                1390
# SCOREBOARD REFdata_out=0, MONdata_out=0                1390
# *********************************************************************************DATA MATCH SUCCESSFUL MATCH=         28
# !!!!!!!!!!!!!   SCOREBOARD MONdata_out=0,  ADDRESS= 5    !!!!!!!!!!!!!!                1390
# INPUT FUNCTIONAL COVERAGE = 100
# ram_package.driver.start Driver ran at iteration 34
# MONITOR PASSING THE DATA TO SCOREBOARD data_out=  0                1410
# OUTPUT FUNCTIONAL COVERAGE = 100
# MONITOR PASSING THE DATA TO SCOREBOARD data_out=  0                1430
# OUTPUT FUNCTIONAL COVERAGE = 100
# REFERENCE MODEL DATA OUT FROM MEMORY data_out= 90                1430
############   SCOREBOARD REFdata_out=90, ADDRESS=19    ###############                1430
# SCOREBOARD REFdata_out=90, MONdata_out=0                1430
# *********************************************************************************DATA MATCH FAILED MISMATCH=          7
# !!!!!!!!!!!!!   SCOREBOARD MONdata_out=0,  ADDRESS= 5    !!!!!!!!!!!!!!                1430
# INPUT FUNCTIONAL COVERAGE = 100
# ram_package.driver.start Driver ran at iteration 35
# MONITOR PASSING THE DATA TO SCOREBOARD data_out= 90                1450
# OUTPUT FUNCTIONAL COVERAGE = 100
# MONITOR PASSING THE DATA TO SCOREBOARD data_out= 90                1470
# OUTPUT FUNCTIONAL COVERAGE = 100
# REFERENCE MODEL DATA IN MEMORY MEM[ADDRESS]=145                1470
############   SCOREBOARD REFdata_out=0, ADDRESS= 0    ###############                1470
# SCOREBOARD REFdata_out=0, MONdata_out=0                1470
# *********************************************************************************DATA MATCH SUCCESSFUL MATCH=         29
# !!!!!!!!!!!!!   SCOREBOARD MONdata_out=0,  ADDRESS= 2    !!!!!!!!!!!!!!                1470
# INPUT FUNCTIONAL COVERAGE = 100
# ram_package.driver.start Driver ran at iteration 36
# MONITOR PASSING THE DATA TO SCOREBOARD data_out=  0                1490
# OUTPUT FUNCTIONAL COVERAGE = 100
# MONITOR PASSING THE DATA TO SCOREBOARD data_out=  0                1510
# OUTPUT FUNCTIONAL COVERAGE = 100
############   SCOREBOARD REFdata_out=0, ADDRESS=15    ###############                1510
# SCOREBOARD REFdata_out=0, MONdata_out=0                1510
# *********************************************************************************DATA MATCH SUCCESSFUL MATCH=         30
# !!!!!!!!!!!!!   SCOREBOARD MONdata_out=0,  ADDRESS= 2    !!!!!!!!!!!!!!                1510
# INPUT FUNCTIONAL COVERAGE = 100
# ram_package.driver.start Driver ran at iteration 37
# MONITOR PASSING THE DATA TO SCOREBOARD data_out=  0                1530
# OUTPUT FUNCTIONAL COVERAGE = 100
# MONITOR PASSING THE DATA TO SCOREBOARD data_out=  0                1550
# OUTPUT FUNCTIONAL COVERAGE = 100
############   SCOREBOARD REFdata_out=0, ADDRESS=22    ###############                1550
# SCOREBOARD REFdata_out=0, MONdata_out=0                1550
# *********************************************************************************DATA MATCH SUCCESSFUL MATCH=         31
# !!!!!!!!!!!!!   SCOREBOARD MONdata_out=0,  ADDRESS= 9    !!!!!!!!!!!!!!                1550
# INPUT FUNCTIONAL COVERAGE = 100
# ram_package.driver.start Driver ran at iteration 38
# MONITOR PASSING THE DATA TO SCOREBOARD data_out=  0                1570
# OUTPUT FUNCTIONAL COVERAGE = 100
# MONITOR PASSING THE DATA TO SCOREBOARD data_out=  0                1590
# OUTPUT FUNCTIONAL COVERAGE = 100
# REFERENCE MODEL DATA IN MEMORY MEM[ADDRESS]= 46                1590
############   SCOREBOARD REFdata_out=0, ADDRESS=22    ###############                1590
# SCOREBOARD REFdata_out=0, MONdata_out=0                1590
# *********************************************************************************DATA MATCH SUCCESSFUL MATCH=         32
# !!!!!!!!!!!!!   SCOREBOARD MONdata_out=0,  ADDRESS= 9    !!!!!!!!!!!!!!                1590
# INPUT FUNCTIONAL COVERAGE = 100
# ram_package.driver.start Driver ran at iteration 39
# MONITOR PASSING THE DATA TO SCOREBOARD data_out=  0                1610
# OUTPUT FUNCTIONAL COVERAGE = 100
# MONITOR PASSING THE DATA TO SCOREBOARD data_out=  0                1630
# OUTPUT FUNCTIONAL COVERAGE = 100
# REFERENCE MODEL DATA IN MEMORY MEM[ADDRESS]= 13                1630
############   SCOREBOARD REFdata_out=0, ADDRESS=31    ###############                1630
# SCOREBOARD REFdata_out=0, MONdata_out=0                1630
# *********************************************************************************DATA MATCH SUCCESSFUL MATCH=         33
# !!!!!!!!!!!!!   SCOREBOARD MONdata_out=0,  ADDRESS=22    !!!!!!!!!!!!!!                1630
# INPUT FUNCTIONAL COVERAGE = 100
# ram_package.driver.start Driver ran at iteration 40
# MONITOR PASSING THE DATA TO SCOREBOARD data_out=  0                1650
# OUTPUT FUNCTIONAL COVERAGE = 100
# MONITOR PASSING THE DATA TO SCOREBOARD data_out=  0                1670
# OUTPUT FUNCTIONAL COVERAGE = 100
# REFERENCE MODEL DATA OUT FROM MEMORY data_out=  0                1670
############   SCOREBOARD REFdata_out=0, ADDRESS=17    ###############                1670
# SCOREBOARD REFdata_out=0, MONdata_out=0                1670
# *********************************************************************************DATA MATCH SUCCESSFUL MATCH=         34
# !!!!!!!!!!!!!   SCOREBOARD MONdata_out=0,  ADDRESS=22    !!!!!!!!!!!!!!                1670
# INPUT FUNCTIONAL COVERAGE = 100
# ram_package.driver.start Driver ran at iteration 41
# MONITOR PASSING THE DATA TO SCOREBOARD data_out=  0                1690
# OUTPUT FUNCTIONAL COVERAGE = 100
# MONITOR PASSING THE DATA TO SCOREBOARD data_out=  0                1710
# OUTPUT FUNCTIONAL COVERAGE = 100
# REFERENCE MODEL DATA OUT FROM MEMORY data_out=  0                1710
############   SCOREBOARD REFdata_out=0, ADDRESS=20    ###############                1710
# SCOREBOARD REFdata_out=0, MONdata_out=0                1710
# *********************************************************************************DATA MATCH SUCCESSFUL MATCH=         35
# !!!!!!!!!!!!!   SCOREBOARD MONdata_out=0,  ADDRESS= 6    !!!!!!!!!!!!!!                1710
# INPUT FUNCTIONAL COVERAGE = 100
# ram_package.driver.start Driver ran at iteration 42
# MONITOR PASSING THE DATA TO SCOREBOARD data_out=  0                1730
# OUTPUT FUNCTIONAL COVERAGE = 100
# MONITOR PASSING THE DATA TO SCOREBOARD data_out=  0                1750
# OUTPUT FUNCTIONAL COVERAGE = 100
# REFERENCE MODEL DATA IN MEMORY MEM[ADDRESS]=199                1750
############   SCOREBOARD REFdata_out=0, ADDRESS=15    ###############                1750
# SCOREBOARD REFdata_out=0, MONdata_out=0                1750
# *********************************************************************************DATA MATCH SUCCESSFUL MATCH=         36
# !!!!!!!!!!!!!   SCOREBOARD MONdata_out=0,  ADDRESS= 6    !!!!!!!!!!!!!!                1750
# INPUT FUNCTIONAL COVERAGE = 100
# ram_package.driver.start Driver ran at iteration 43
# MONITOR PASSING THE DATA TO SCOREBOARD data_out=  0                1770
# OUTPUT FUNCTIONAL COVERAGE = 100
# MONITOR PASSING THE DATA TO SCOREBOARD data_out=  0                1790
# OUTPUT FUNCTIONAL COVERAGE = 100
# REFERENCE MODEL DATA IN MEMORY MEM[ADDRESS]= 78                1790
############   SCOREBOARD REFdata_out=0, ADDRESS=18    ###############                1790
# SCOREBOARD REFdata_out=0, MONdata_out=0                1790
# *********************************************************************************DATA MATCH SUCCESSFUL MATCH=         37
# !!!!!!!!!!!!!   SCOREBOARD MONdata_out=0,  ADDRESS=17    !!!!!!!!!!!!!!                1790
# INPUT FUNCTIONAL COVERAGE = 100
# ram_package.driver.start Driver ran at iteration 44
# MONITOR PASSING THE DATA TO SCOREBOARD data_out=  0                1810
# OUTPUT FUNCTIONAL COVERAGE = 100
# MONITOR PASSING THE DATA TO SCOREBOARD data_out=  0                1830
# OUTPUT FUNCTIONAL COVERAGE = 100
# REFERENCE MODEL DATA IN MEMORY MEM[ADDRESS]=241                1830
############   SCOREBOARD REFdata_out=0, ADDRESS=10    ###############                1830
# SCOREBOARD REFdata_out=0, MONdata_out=0                1830
# *********************************************************************************DATA MATCH SUCCESSFUL MATCH=         38
# !!!!!!!!!!!!!   SCOREBOARD MONdata_out=0,  ADDRESS=17    !!!!!!!!!!!!!!                1830
# INPUT FUNCTIONAL COVERAGE = 100
# ram_package.driver.start Driver ran at iteration 45
# MONITOR PASSING THE DATA TO SCOREBOARD data_out=  0                1850
# OUTPUT FUNCTIONAL COVERAGE = 100
# MONITOR PASSING THE DATA TO SCOREBOARD data_out=  0                1870
# OUTPUT FUNCTIONAL COVERAGE = 100
############   SCOREBOARD REFdata_out=0, ADDRESS=25    ###############                1870
# SCOREBOARD REFdata_out=0, MONdata_out=0                1870
# *********************************************************************************DATA MATCH SUCCESSFUL MATCH=         39
# !!!!!!!!!!!!!   SCOREBOARD MONdata_out=0,  ADDRESS=18    !!!!!!!!!!!!!!                1870
# INPUT FUNCTIONAL COVERAGE = 100
# ram_package.driver.start Driver ran at iteration 46
# MONITOR PASSING THE DATA TO SCOREBOARD data_out=  0                1890
# OUTPUT FUNCTIONAL COVERAGE = 100
# MONITOR PASSING THE DATA TO SCOREBOARD data_out=  0                1910
# OUTPUT FUNCTIONAL COVERAGE = 100
# REFERENCE MODEL DATA IN MEMORY MEM[ADDRESS]=212                1910
############   SCOREBOARD REFdata_out=0, ADDRESS= 2    ###############                1910
# SCOREBOARD REFdata_out=0, MONdata_out=0                1910
# *********************************************************************************DATA MATCH SUCCESSFUL MATCH=         40
# !!!!!!!!!!!!!   SCOREBOARD MONdata_out=0,  ADDRESS=18    !!!!!!!!!!!!!!                1910
# INPUT FUNCTIONAL COVERAGE = 100
# ram_package.driver.start Driver ran at iteration 47
# MONITOR PASSING THE DATA TO SCOREBOARD data_out=  0                1930
# OUTPUT FUNCTIONAL COVERAGE = 100
# MONITOR PASSING THE DATA TO SCOREBOARD data_out=  0                1950
# OUTPUT FUNCTIONAL COVERAGE = 100
# REFERENCE MODEL DATA IN MEMORY MEM[ADDRESS]=160                1950
############   SCOREBOARD REFdata_out=0, ADDRESS=13    ###############                1950
# SCOREBOARD REFdata_out=0, MONdata_out=0                1950
# *********************************************************************************DATA MATCH SUCCESSFUL MATCH=         41
# !!!!!!!!!!!!!   SCOREBOARD MONdata_out=0,  ADDRESS=28    !!!!!!!!!!!!!!                1950
# INPUT FUNCTIONAL COVERAGE = 100
# ram_package.driver.start Driver ran at iteration 48
# MONITOR PASSING THE DATA TO SCOREBOARD data_out=  0                1970
# OUTPUT FUNCTIONAL COVERAGE = 100
# MONITOR PASSING THE DATA TO SCOREBOARD data_out=  0                1990
# OUTPUT FUNCTIONAL COVERAGE = 100
############   SCOREBOARD REFdata_out=0, ADDRESS=21    ###############                1990
# SCOREBOARD REFdata_out=0, MONdata_out=0                1990
# *********************************************************************************DATA MATCH SUCCESSFUL MATCH=         42
# !!!!!!!!!!!!!   SCOREBOARD MONdata_out=0,  ADDRESS=28    !!!!!!!!!!!!!!                1990
# INPUT FUNCTIONAL COVERAGE = 100
# ram_package.driver.start Driver ran at iteration 49
# MONITOR PASSING THE DATA TO SCOREBOARD data_out=  0                2010
# OUTPUT FUNCTIONAL COVERAGE = 100
# MONITOR PASSING THE DATA TO SCOREBOARD data_out=  0                2030
# OUTPUT FUNCTIONAL COVERAGE = 100
# REFERENCE MODEL DATA OUT FROM MEMORY data_out=  0                2030
############   SCOREBOARD REFdata_out=0, ADDRESS=20    ###############                2030
# SCOREBOARD REFdata_out=0, MONdata_out=0                2030
# *********************************************************************************DATA MATCH SUCCESSFUL MATCH=         43
# !!!!!!!!!!!!!   SCOREBOARD MONdata_out=0,  ADDRESS=23    !!!!!!!!!!!!!!                2030
# INPUT FUNCTIONAL COVERAGE = 100
# ram_package.driver.start Driver ran at iteration 50
# MONITOR PASSING THE DATA TO SCOREBOARD data_out=  0                2050
# OUTPUT FUNCTIONAL COVERAGE = 100
# MONITOR PASSING THE DATA TO SCOREBOARD data_out=  0                2070
# OUTPUT FUNCTIONAL COVERAGE = 100
############   SCOREBOARD REFdata_out=0, ADDRESS=17    ###############                2070
# SCOREBOARD REFdata_out=0, MONdata_out=0                2070
# *********************************************************************************DATA MATCH SUCCESSFUL MATCH=         44
# !!!!!!!!!!!!!   SCOREBOARD MONdata_out=0,  ADDRESS=23    !!!!!!!!!!!!!!                2070
# INPUT FUNCTIONAL COVERAGE = 100
# ram_package.driver.start Driver ran at iteration 51
# REFERENCE MODEL DATA IN MEMORY MEM[ADDRESS]=  2                2110
############   SCOREBOARD REFdata_out=0, ADDRESS=19    ###############                2110
# SCOREBOARD REFdata_out=0, MONdata_out=0                2110
# *********************************************************************************DATA MATCH SUCCESSFUL MATCH=         45
# !!!!!!!!!!!!!   SCOREBOARD MONdata_out=0,  ADDRESS= 0    !!!!!!!!!!!!!!                2110
# INPUT FUNCTIONAL COVERAGE = 100
# ram_package.driver.start Driver ran at iteration 52
# REFERENCE MODEL DATA OUT FROM MEMORY data_out=  0                2150
############   SCOREBOARD REFdata_out=0, ADDRESS=23    ###############                2150
# SCOREBOARD REFdata_out=0, MONdata_out=0                2150
# *********************************************************************************DATA MATCH SUCCESSFUL MATCH=         46
# !!!!!!!!!!!!!   SCOREBOARD MONdata_out=0,  ADDRESS= 0    !!!!!!!!!!!!!!                2150
# INPUT FUNCTIONAL COVERAGE = 100
# ram_package.driver.start Driver ran at iteration 53
############   SCOREBOARD REFdata_out=0, ADDRESS=22    ###############                2190
# SCOREBOARD REFdata_out=0, MONdata_out=0                2190
# *********************************************************************************DATA MATCH SUCCESSFUL MATCH=         47
# !!!!!!!!!!!!!   SCOREBOARD MONdata_out=0,  ADDRESS=29    !!!!!!!!!!!!!!                2190
# INPUT FUNCTIONAL COVERAGE = 100
# ram_package.driver.start Driver ran at iteration 54
# REFERENCE MODEL DATA OUT FROM MEMORY data_out=  0                2230
############   SCOREBOARD REFdata_out=0, ADDRESS=27    ###############                2230
# SCOREBOARD REFdata_out=0, MONdata_out=0                2230
# *********************************************************************************DATA MATCH SUCCESSFUL MATCH=         48
# !!!!!!!!!!!!!   SCOREBOARD MONdata_out=0,  ADDRESS=29    !!!!!!!!!!!!!!                2230
# INPUT FUNCTIONAL COVERAGE = 100
# ram_package.driver.start Driver ran at iteration 55
# REFERENCE MODEL DATA OUT FROM MEMORY data_out=  0                2270
############   SCOREBOARD REFdata_out=0, ADDRESS=17    ###############                2270
# SCOREBOARD REFdata_out=0, MONdata_out=0                2270
# *********************************************************************************DATA MATCH SUCCESSFUL MATCH=         49
# !!!!!!!!!!!!!   SCOREBOARD MONdata_out=0,  ADDRESS=12    !!!!!!!!!!!!!!                2270
# INPUT FUNCTIONAL COVERAGE = 100
# ram_package.driver.start Driver ran at iteration 56
# REFERENCE MODEL DATA IN MEMORY MEM[ADDRESS]= 60                2310
############   SCOREBOARD REFdata_out=0, ADDRESS=24    ###############                2310
# SCOREBOARD REFdata_out=0, MONdata_out=0                2310
# *********************************************************************************DATA MATCH SUCCESSFUL MATCH=         50
# !!!!!!!!!!!!!   SCOREBOARD MONdata_out=0,  ADDRESS=12    !!!!!!!!!!!!!!                2310
# INPUT FUNCTIONAL COVERAGE = 100
# ram_package.driver.start Driver ran at iteration 57
############   SCOREBOARD REFdata_out=0, ADDRESS= 6    ###############                2350
# SCOREBOARD REFdata_out=0, MONdata_out=0                2350
# *********************************************************************************DATA MATCH SUCCESSFUL MATCH=         51
# !!!!!!!!!!!!!   SCOREBOARD MONdata_out=90,  ADDRESS=19    !!!!!!!!!!!!!!                2350
# INPUT FUNCTIONAL COVERAGE = 100
# ram_package.driver.start Driver ran at iteration 58
############   SCOREBOARD REFdata_out=0, ADDRESS= 0    ###############                2390
# SCOREBOARD REFdata_out=0, MONdata_out=90                2390
# *********************************************************************************DATA MATCH FAILED MISMATCH=          8
# !!!!!!!!!!!!!   SCOREBOARD MONdata_out=90,  ADDRESS=19    !!!!!!!!!!!!!!                2390
# INPUT FUNCTIONAL COVERAGE = 100
# ram_package.driver.start Driver ran at iteration 59
############   SCOREBOARD REFdata_out=0, ADDRESS=18    ###############                2430
# SCOREBOARD REFdata_out=0, MONdata_out=90                2430
# *********************************************************************************DATA MATCH FAILED MISMATCH=          9
# !!!!!!!!!!!!!   SCOREBOARD MONdata_out=138,  ADDRESS=28    !!!!!!!!!!!!!!                2430
# INPUT FUNCTIONAL COVERAGE = 100
# ram_package.driver.start Driver ran at iteration 60
# REFERENCE MODEL DATA IN MEMORY MEM[ADDRESS]=154                2470
############   SCOREBOARD REFdata_out=0, ADDRESS=11    ###############                2470
# SCOREBOARD REFdata_out=0, MONdata_out=138                2470
# *********************************************************************************DATA MATCH FAILED MISMATCH=         10
# !!!!!!!!!!!!!   SCOREBOARD MONdata_out=138,  ADDRESS=28    !!!!!!!!!!!!!!                2470
# INPUT FUNCTIONAL COVERAGE = 100
# ram_package.driver.start Driver ran at iteration 61
# REFERENCE MODEL DATA IN MEMORY MEM[ADDRESS]=221                2510
############   SCOREBOARD REFdata_out=0, ADDRESS= 2    ###############                2510
# SCOREBOARD REFdata_out=0, MONdata_out=138                2510
# *********************************************************************************DATA MATCH FAILED MISMATCH=         11
# !!!!!!!!!!!!!   SCOREBOARD MONdata_out=0,  ADDRESS= 9    !!!!!!!!!!!!!!                2510
# INPUT FUNCTIONAL COVERAGE = 100
# ram_package.driver.start Driver ran at iteration 62
# REFERENCE MODEL DATA IN MEMORY MEM[ADDRESS]=109                2550
############   SCOREBOARD REFdata_out=0, ADDRESS=20    ###############                2550
# SCOREBOARD REFdata_out=0, MONdata_out=0                2550
# *********************************************************************************DATA MATCH SUCCESSFUL MATCH=         52
# !!!!!!!!!!!!!   SCOREBOARD MONdata_out=0,  ADDRESS= 9    !!!!!!!!!!!!!!                2550
# INPUT FUNCTIONAL COVERAGE = 100
# ram_package.driver.start Driver ran at iteration 63
# REFERENCE MODEL DATA IN MEMORY MEM[ADDRESS]=106                2590
############   SCOREBOARD REFdata_out=0, ADDRESS=28    ###############                2590
# SCOREBOARD REFdata_out=0, MONdata_out=0                2590
# *********************************************************************************DATA MATCH SUCCESSFUL MATCH=         53
# !!!!!!!!!!!!!   SCOREBOARD MONdata_out=0,  ADDRESS=28    !!!!!!!!!!!!!!                2590
# INPUT FUNCTIONAL COVERAGE = 100
# ram_package.driver.start Driver ran at iteration 64
############   SCOREBOARD REFdata_out=0, ADDRESS=21    ###############                2630
# SCOREBOARD REFdata_out=0, MONdata_out=0                2630
# *********************************************************************************DATA MATCH SUCCESSFUL MATCH=         54
# !!!!!!!!!!!!!   SCOREBOARD MONdata_out=0,  ADDRESS=28    !!!!!!!!!!!!!!                2630
# INPUT FUNCTIONAL COVERAGE = 100
# ram_package.driver.start Driver ran at iteration 65
# REFERENCE MODEL DATA IN MEMORY MEM[ADDRESS]= 45                2670
############   SCOREBOARD REFdata_out=0, ADDRESS=21    ###############                2670
# SCOREBOARD REFdata_out=0, MONdata_out=0                2670
# *********************************************************************************DATA MATCH SUCCESSFUL MATCH=         55
# !!!!!!!!!!!!!   SCOREBOARD MONdata_out=0,  ADDRESS=27    !!!!!!!!!!!!!!                2670
# INPUT FUNCTIONAL COVERAGE = 100
# ram_package.driver.start Driver ran at iteration 66
# REFERENCE MODEL DATA OUT FROM MEMORY data_out=241                2710
############   SCOREBOARD REFdata_out=241, ADDRESS=10    ###############                2710
# SCOREBOARD REFdata_out=241, MONdata_out=0                2710
# *********************************************************************************DATA MATCH FAILED MISMATCH=         12
# !!!!!!!!!!!!!   SCOREBOARD MONdata_out=0,  ADDRESS=27    !!!!!!!!!!!!!!                2710
# INPUT FUNCTIONAL COVERAGE = 100
# ram_package.driver.start Driver ran at iteration 67
# REFERENCE MODEL DATA IN MEMORY MEM[ADDRESS]= 73                2750
############   SCOREBOARD REFdata_out=0, ADDRESS=28    ###############                2750
# SCOREBOARD REFdata_out=0, MONdata_out=0                2750
# *********************************************************************************DATA MATCH SUCCESSFUL MATCH=         56
# !!!!!!!!!!!!!   SCOREBOARD MONdata_out=90,  ADDRESS=19    !!!!!!!!!!!!!!                2750
# INPUT FUNCTIONAL COVERAGE = 100
# ram_package.driver.start Driver ran at iteration 68
# REFERENCE MODEL DATA IN MEMORY MEM[ADDRESS]=145                2790
############   SCOREBOARD REFdata_out=0, ADDRESS=15    ###############                2790
# SCOREBOARD REFdata_out=0, MONdata_out=90                2790
# *********************************************************************************DATA MATCH FAILED MISMATCH=         13
# !!!!!!!!!!!!!   SCOREBOARD MONdata_out=90,  ADDRESS=19    !!!!!!!!!!!!!!                2790
# INPUT FUNCTIONAL COVERAGE = 100
# ram_package.driver.start Driver ran at iteration 69
############   SCOREBOARD REFdata_out=0, ADDRESS=26    ###############                2830
# SCOREBOARD REFdata_out=0, MONdata_out=90                2830
# *********************************************************************************DATA MATCH FAILED MISMATCH=         14
# !!!!!!!!!!!!!   SCOREBOARD MONdata_out=0,  ADDRESS= 0    !!!!!!!!!!!!!!                2830
# INPUT FUNCTIONAL COVERAGE = 100
# ram_package.driver.start Driver ran at iteration 70
# REFERENCE MODEL DATA IN MEMORY MEM[ADDRESS]=137                2870
############   SCOREBOARD REFdata_out=0, ADDRESS= 3    ###############                2870
# SCOREBOARD REFdata_out=0, MONdata_out=0                2870
# *********************************************************************************DATA MATCH SUCCESSFUL MATCH=         57
# !!!!!!!!!!!!!   SCOREBOARD MONdata_out=0,  ADDRESS= 0    !!!!!!!!!!!!!!                2870
# INPUT FUNCTIONAL COVERAGE = 100
# ram_package.driver.start Driver ran at iteration 71
# REFERENCE MODEL DATA OUT FROM MEMORY data_out=241                2910
############   SCOREBOARD REFdata_out=241, ADDRESS=10    ###############                2910
# SCOREBOARD REFdata_out=241, MONdata_out=0                2910
# *********************************************************************************DATA MATCH FAILED MISMATCH=         15
# !!!!!!!!!!!!!   SCOREBOARD MONdata_out=0,  ADDRESS=15    !!!!!!!!!!!!!!                2910
# INPUT FUNCTIONAL COVERAGE = 100
# ram_package.driver.start Driver ran at iteration 72
# REFERENCE MODEL DATA IN MEMORY MEM[ADDRESS]= 29                2950
############   SCOREBOARD REFdata_out=0, ADDRESS=12    ###############                2950
# SCOREBOARD REFdata_out=0, MONdata_out=0                2950
# *********************************************************************************DATA MATCH SUCCESSFUL MATCH=         58
# !!!!!!!!!!!!!   SCOREBOARD MONdata_out=0,  ADDRESS=15    !!!!!!!!!!!!!!                2950
# INPUT FUNCTIONAL COVERAGE = 100
# ram_package.driver.start Driver ran at iteration 73
############   SCOREBOARD REFdata_out=0, ADDRESS=11    ###############                2990
# SCOREBOARD REFdata_out=0, MONdata_out=0                2990
# *********************************************************************************DATA MATCH SUCCESSFUL MATCH=         59
# !!!!!!!!!!!!!   SCOREBOARD MONdata_out=0,  ADDRESS=22    !!!!!!!!!!!!!!                2990
# INPUT FUNCTIONAL COVERAGE = 100
# ram_package.driver.start Driver ran at iteration 74
# REFERENCE MODEL DATA OUT FROM MEMORY data_out=  0                3030
############   SCOREBOARD REFdata_out=0, ADDRESS=26    ###############                3030
# SCOREBOARD REFdata_out=0, MONdata_out=0                3030
# *********************************************************************************DATA MATCH SUCCESSFUL MATCH=         60
# !!!!!!!!!!!!!   SCOREBOARD MONdata_out=0,  ADDRESS=22    !!!!!!!!!!!!!!                3030
# INPUT FUNCTIONAL COVERAGE = 100
# ram_package.driver.start Driver ran at iteration 75
# REFERENCE MODEL DATA OUT FROM MEMORY data_out=  0                3070
############   SCOREBOARD REFdata_out=0, ADDRESS=27    ###############                3070
# SCOREBOARD REFdata_out=0, MONdata_out=0                3070
# *********************************************************************************DATA MATCH SUCCESSFUL MATCH=         61
# !!!!!!!!!!!!!   SCOREBOARD MONdata_out=0,  ADDRESS=22    !!!!!!!!!!!!!!                3070
# INPUT FUNCTIONAL COVERAGE = 100
# ram_package.driver.start Driver ran at iteration 76
############   SCOREBOARD REFdata_out=0, ADDRESS=18    ###############                3110
# SCOREBOARD REFdata_out=0, MONdata_out=0                3110
# *********************************************************************************DATA MATCH SUCCESSFUL MATCH=         62
# !!!!!!!!!!!!!   SCOREBOARD MONdata_out=0,  ADDRESS=22    !!!!!!!!!!!!!!                3110
# INPUT FUNCTIONAL COVERAGE = 100
# ram_package.driver.start Driver ran at iteration 77
# REFERENCE MODEL DATA OUT FROM MEMORY data_out=  0                3150
############   SCOREBOARD REFdata_out=0, ADDRESS=29    ###############                3150
# SCOREBOARD REFdata_out=0, MONdata_out=0                3150
# *********************************************************************************DATA MATCH SUCCESSFUL MATCH=         63
# !!!!!!!!!!!!!   SCOREBOARD MONdata_out=0,  ADDRESS=31    !!!!!!!!!!!!!!                3150
# INPUT FUNCTIONAL COVERAGE = 100
# ram_package.driver.start Driver ran at iteration 78
# REFERENCE MODEL DATA IN MEMORY MEM[ADDRESS]= 46                3190
############   SCOREBOARD REFdata_out=0, ADDRESS=24    ###############                3190
# SCOREBOARD REFdata_out=0, MONdata_out=0                3190
# *********************************************************************************DATA MATCH SUCCESSFUL MATCH=         64
# !!!!!!!!!!!!!   SCOREBOARD MONdata_out=0,  ADDRESS=31    !!!!!!!!!!!!!!                3190
# INPUT FUNCTIONAL COVERAGE = 100
# ram_package.driver.start Driver ran at iteration 79
# REFERENCE MODEL DATA OUT FROM MEMORY data_out= 98                3230
############   SCOREBOARD REFdata_out=98, ADDRESS= 4    ###############                3230
# SCOREBOARD REFdata_out=98, MONdata_out=0                3230
# *********************************************************************************DATA MATCH FAILED MISMATCH=         16
# !!!!!!!!!!!!!   SCOREBOARD MONdata_out=0,  ADDRESS=17    !!!!!!!!!!!!!!                3230
# INPUT FUNCTIONAL COVERAGE = 100
# ram_package.driver.start Driver ran at iteration 80
############   SCOREBOARD REFdata_out=0, ADDRESS=15    ###############                3270
# SCOREBOARD REFdata_out=0, MONdata_out=0                3270
# *********************************************************************************DATA MATCH SUCCESSFUL MATCH=         65
# !!!!!!!!!!!!!   SCOREBOARD MONdata_out=0,  ADDRESS=17    !!!!!!!!!!!!!!                3270
# INPUT FUNCTIONAL COVERAGE = 100
# ram_package.driver.start Driver ran at iteration 81
# REFERENCE MODEL DATA IN MEMORY MEM[ADDRESS]=119                3310
############   SCOREBOARD REFdata_out=0, ADDRESS=24    ###############                3310
# SCOREBOARD REFdata_out=0, MONdata_out=0                3310
# *********************************************************************************DATA MATCH SUCCESSFUL MATCH=         66
# !!!!!!!!!!!!!   SCOREBOARD MONdata_out=0,  ADDRESS=20    !!!!!!!!!!!!!!                3310
# INPUT FUNCTIONAL COVERAGE = 100
# ram_package.driver.start Driver ran at iteration 82
############   SCOREBOARD REFdata_out=0, ADDRESS= 3    ###############                3350
# SCOREBOARD REFdata_out=0, MONdata_out=0                3350
# *********************************************************************************DATA MATCH SUCCESSFUL MATCH=         67
# !!!!!!!!!!!!!   SCOREBOARD MONdata_out=0,  ADDRESS=20    !!!!!!!!!!!!!!                3350
# INPUT FUNCTIONAL COVERAGE = 100
# ram_package.driver.start Driver ran at iteration 83
# REFERENCE MODEL DATA OUT FROM MEMORY data_out=119                3390
############   SCOREBOARD REFdata_out=119, ADDRESS=24    ###############                3390
# SCOREBOARD REFdata_out=119, MONdata_out=0                3390
# *********************************************************************************DATA MATCH FAILED MISMATCH=         17
# !!!!!!!!!!!!!   SCOREBOARD MONdata_out=0,  ADDRESS=15    !!!!!!!!!!!!!!                3390
# INPUT FUNCTIONAL COVERAGE = 100
# ram_package.driver.start Driver ran at iteration 84
# REFERENCE MODEL DATA IN MEMORY MEM[ADDRESS]=240                3430
############   SCOREBOARD REFdata_out=0, ADDRESS=18    ###############                3430
# SCOREBOARD REFdata_out=0, MONdata_out=0                3430
# *********************************************************************************DATA MATCH SUCCESSFUL MATCH=         68
# !!!!!!!!!!!!!   SCOREBOARD MONdata_out=0,  ADDRESS=15    !!!!!!!!!!!!!!                3430
# INPUT FUNCTIONAL COVERAGE = 100
# ram_package.driver.start Driver ran at iteration 85
# REFERENCE MODEL DATA IN MEMORY MEM[ADDRESS]=192                3470
############   SCOREBOARD REFdata_out=0, ADDRESS=27    ###############                3470
# SCOREBOARD REFdata_out=0, MONdata_out=0                3470
# *********************************************************************************DATA MATCH SUCCESSFUL MATCH=         69
# !!!!!!!!!!!!!   SCOREBOARD MONdata_out=0,  ADDRESS=18    !!!!!!!!!!!!!!                3470
# INPUT FUNCTIONAL COVERAGE = 100
# ram_package.driver.start Driver ran at iteration 86
# REFERENCE MODEL DATA IN MEMORY MEM[ADDRESS]=140                3510
############   SCOREBOARD REFdata_out=0, ADDRESS=11    ###############                3510
# SCOREBOARD REFdata_out=0, MONdata_out=0                3510
# *********************************************************************************DATA MATCH SUCCESSFUL MATCH=         70
# !!!!!!!!!!!!!   SCOREBOARD MONdata_out=0,  ADDRESS=18    !!!!!!!!!!!!!!                3510
# INPUT FUNCTIONAL COVERAGE = 100
# ram_package.driver.start Driver ran at iteration 87
############   SCOREBOARD REFdata_out=0, ADDRESS=13    ###############                3550
# SCOREBOARD REFdata_out=0, MONdata_out=0                3550
# *********************************************************************************DATA MATCH SUCCESSFUL MATCH=         71
# !!!!!!!!!!!!!   SCOREBOARD MONdata_out=0,  ADDRESS=10    !!!!!!!!!!!!!!                3550
# INPUT FUNCTIONAL COVERAGE = 100
# ram_package.driver.start Driver ran at iteration 88
############   SCOREBOARD REFdata_out=0, ADDRESS=26    ###############                3590
# SCOREBOARD REFdata_out=0, MONdata_out=0                3590
# *********************************************************************************DATA MATCH SUCCESSFUL MATCH=         72
# !!!!!!!!!!!!!   SCOREBOARD MONdata_out=0,  ADDRESS=10    !!!!!!!!!!!!!!                3590
# INPUT FUNCTIONAL COVERAGE = 100
# ram_package.driver.start Driver ran at iteration 89
############   SCOREBOARD REFdata_out=0, ADDRESS=12    ###############                3630
# SCOREBOARD REFdata_out=0, MONdata_out=0                3630
# *********************************************************************************DATA MATCH SUCCESSFUL MATCH=         73
# !!!!!!!!!!!!!   SCOREBOARD MONdata_out=0,  ADDRESS=25    !!!!!!!!!!!!!!                3630
# INPUT FUNCTIONAL COVERAGE = 100
# ram_package.driver.start Driver ran at iteration 90
############   SCOREBOARD REFdata_out=0, ADDRESS= 8    ###############                3670
# SCOREBOARD REFdata_out=0, MONdata_out=0                3670
# *********************************************************************************DATA MATCH SUCCESSFUL MATCH=         74
# !!!!!!!!!!!!!   SCOREBOARD MONdata_out=0,  ADDRESS=25    !!!!!!!!!!!!!!                3670
# INPUT FUNCTIONAL COVERAGE = 100
# ram_package.driver.start Driver ran at iteration 91
############   SCOREBOARD REFdata_out=0, ADDRESS=17    ###############                3710
# SCOREBOARD REFdata_out=0, MONdata_out=0                3710
# *********************************************************************************DATA MATCH SUCCESSFUL MATCH=         75
# !!!!!!!!!!!!!   SCOREBOARD MONdata_out=0,  ADDRESS= 2    !!!!!!!!!!!!!!                3710
# INPUT FUNCTIONAL COVERAGE = 100
# ram_package.driver.start Driver ran at iteration 92
# REFERENCE MODEL DATA IN MEMORY MEM[ADDRESS]=222                3750
############   SCOREBOARD REFdata_out=0, ADDRESS= 5    ###############                3750
# SCOREBOARD REFdata_out=0, MONdata_out=0                3750
# *********************************************************************************DATA MATCH SUCCESSFUL MATCH=         76
# !!!!!!!!!!!!!   SCOREBOARD MONdata_out=0,  ADDRESS= 2    !!!!!!!!!!!!!!                3750
# INPUT FUNCTIONAL COVERAGE = 100
# ram_package.driver.start Driver ran at iteration 93
# REFERENCE MODEL DATA OUT FROM MEMORY data_out=160                3790
############   SCOREBOARD REFdata_out=160, ADDRESS=13    ###############                3790
# SCOREBOARD REFdata_out=160, MONdata_out=0                3790
# *********************************************************************************DATA MATCH FAILED MISMATCH=         18
# !!!!!!!!!!!!!   SCOREBOARD MONdata_out=0,  ADDRESS=13    !!!!!!!!!!!!!!                3790
# INPUT FUNCTIONAL COVERAGE = 100
# ram_package.driver.start Driver ran at iteration 94
# REFERENCE MODEL DATA IN MEMORY MEM[ADDRESS]=224                3830
############   SCOREBOARD REFdata_out=0, ADDRESS=11    ###############                3830
# SCOREBOARD REFdata_out=0, MONdata_out=0                3830
# *********************************************************************************DATA MATCH SUCCESSFUL MATCH=         77
# !!!!!!!!!!!!!   SCOREBOARD MONdata_out=0,  ADDRESS=13    !!!!!!!!!!!!!!                3830
# INPUT FUNCTIONAL COVERAGE = 100
# ram_package.driver.start Driver ran at iteration 95
# REFERENCE MODEL DATA IN MEMORY MEM[ADDRESS]=117                3870
############   SCOREBOARD REFdata_out=0, ADDRESS= 7    ###############                3870
# SCOREBOARD REFdata_out=0, MONdata_out=0                3870
# *********************************************************************************DATA MATCH SUCCESSFUL MATCH=         78
# !!!!!!!!!!!!!   SCOREBOARD MONdata_out=0,  ADDRESS=21    !!!!!!!!!!!!!!                3870
# INPUT FUNCTIONAL COVERAGE = 100
# ram_package.driver.start Driver ran at iteration 96
############   SCOREBOARD REFdata_out=0, ADDRESS= 1    ###############                3910
# SCOREBOARD REFdata_out=0, MONdata_out=0                3910
# *********************************************************************************DATA MATCH SUCCESSFUL MATCH=         79
# !!!!!!!!!!!!!   SCOREBOARD MONdata_out=0,  ADDRESS=21    !!!!!!!!!!!!!!                3910
# INPUT FUNCTIONAL COVERAGE = 100
# ram_package.driver.start Driver ran at iteration 97
############   SCOREBOARD REFdata_out=0, ADDRESS= 8    ###############                3950
# SCOREBOARD REFdata_out=0, MONdata_out=0                3950
# *********************************************************************************DATA MATCH SUCCESSFUL MATCH=         80
# !!!!!!!!!!!!!   SCOREBOARD MONdata_out=0,  ADDRESS=20    !!!!!!!!!!!!!!                3950
# INPUT FUNCTIONAL COVERAGE = 100
# ram_package.driver.start Driver ran at iteration 98
# REFERENCE MODEL DATA IN MEMORY MEM[ADDRESS]=194                3990
############   SCOREBOARD REFdata_out=0, ADDRESS= 1    ###############                3990
# SCOREBOARD REFdata_out=0, MONdata_out=0                3990
# *********************************************************************************DATA MATCH SUCCESSFUL MATCH=         81
# !!!!!!!!!!!!!   SCOREBOARD MONdata_out=0,  ADDRESS=20    !!!!!!!!!!!!!!                3990
# INPUT FUNCTIONAL COVERAGE = 100
# ram_package.driver.start Driver ran at iteration 99
############   SCOREBOARD REFdata_out=0, ADDRESS=20    ###############                4030
# SCOREBOARD REFdata_out=0, MONdata_out=0                4030
# *********************************************************************************DATA MATCH SUCCESSFUL MATCH=         82
# INPUT FUNCTIONAL COVERAGE = 100
# SCOREBOARD REFdata_out=0, MONdata_out=0                4050
# *********************************************************************************DATA MATCH SUCCESSFUL MATCH=         83
# ** Note: $finish    : ram_top.sv(34)
#    Time: 4050 ns  Iteration: 2  Instance: /ram_top
# Saving coverage database on exit...
# End time: 03:11:26 on Jul 07,2026, Elapsed time: 0:00:01
# Errors: 0, Warnings: 1
