# vsim -vopt work.ram_top -voptargs="+acc=npr" -assertdebug -l ../simulation/log_file.log -coverage -c -do "coverage save -onexit -assert -directive -cvg -codeAll ../simulation/ucdb_file.ucdb; run -all; exit" 
# Start time: 14:03:01 on Jul 07,2026
# ** Note: (vsim-3813) Design is being optimized due to module recompilation...
# ** Warning: ram_generator.sv(14): (vopt-2240) Treating stand-alone use of function 'randomize' as an implicit VOID cast.
# //  Questa Sim
# //  Version 10.6c linux Jul 25 2017
# //
# //  Copyright 1991-2017 Mentor Graphics Corporation
# //  All Rights Reserved.
# //
# //  QuestaSim and its associated documentation contain trade
# //  secrets and commercial or financial information that are the property of
# //  Mentor Graphics Corporation and are privileged, confidential,
# //  and exempt from disclosure under the Freedom of Information Act,
# //  5 U.S.C. Section 552. Furthermore, this information
# //  is prohibited from disclosure under the Trade Secrets Act,
# //  18 U.S.C. Section 1905.
# //
# Loading sv_std.std
# Loading work.ram_inf(fast)
# Loading work.ram_package(fast)
# Loading work.ram_top(fast)
# Loading work.ram_inf(fast)
# Loading work.ram(fast)
# coverage save -onexit -assert -directive -cvg -codeAll ../simulation/ucdb_file.ucdb
#  run -all
# GENERATOR randomized data_in= 34,write_enb=1,read_enb=0,address=12                   0
# /////////////////////////////////////////////////////////////////////////////////////////////////////////////
# /////////////////////////////////////////////////////////////////////////////////////////////////////////////
# ram_package.driver.start Driver ran at iteration 0
# ******** driver_sending **********
# write_enb = 1
# read_enb  = 0
# data_in   = 34
# address   = 12
# *********************************
# MONITOR TO SCOREBOARD data_out=0 address=0                  90
# REFERENCE MODEL DATA IN MEMORY MEM[ADDRESS]=34                  90
# !!!!!!!!!!!!!   SCOREBOARD MONdata_out=0,  ADDRESS= 0    !!!!!!!!!!!!!!                  90
############   SCOREBOARD REFdata_out=0, ADDRESS=12    ###############                  90
# SCOREBOARD REFdata_out=0, MONdata_out=0                  90
# *********************************************************************************       DATA MATCH SUCCESSFUL MATCH=          1
# *************************************************************************************************************************************
# ************************************************************** REF_MEM **************************************************************
# *************************************************************************************************************************************
# 0
# 0
# 0
# 0
# 0
# 0
# 0
# 0
# 0
# 0
# 0
# 0
# 0
# 0
# 0
# 0
# 0
# 0
# 0
# 0
# 0
# 0
# 0
# 0
# 0
# 0
# 0
# 0
# 0
# 0
# 0
# 0
# *************************************************************************************************************************************
# ************************************************************** MON_MEM **************************************************************
# *************************************************************************************************************************************
# 0
# 0
# 0
# 0
# 0
# 0
# 0
# 0
# 0
# 0
# 0
# 0
# 0
# 0
# 0
# 0
# 0
# 0
# 0
# 0
# 0
# 0
# 0
# 0
# 0
# 0
# 0
# 0
# 0
# 0
# 0
# 0
# *************************************************************************************************************************************
# ****************     TOTAL MATCH = 1        ***************************************    TOTAL MISMATCH = 0    ***********************
# *************************************************************************************************************************************
# ** Note: $finish    : ram_top.sv(34)
#    Time: 90 ns  Iteration: 4  Instance: /ram_top
# Saving coverage database on exit...
# End time: 14:03:03 on Jul 07,2026, Elapsed time: 0:00:02
# Errors: 0, Warnings: 1
